<?xml version="1.0" encoding="UTF-8"?>
<!-- Generated by org.testng.reporters.JUnitReportReporter -->
<testsuite hostname="DESKTOP-2NF71MC" failures="0" tests="1" name="tc_Repository.LE_02" time="23.476" errors="0" timestamp="2024-08-30T09:21:25 IST" skipped="0">
  <testcase classname="tc_Repository.LE_02" name="le_02" time="23.476"/>
  <system-out/>
</testsuite> <!-- tc_Repository.LE_02 -->
