<?xml version="1.0" encoding="UTF-8"?>
<!-- Generated by org.testng.reporters.JUnitReportReporter -->
<testsuite hostname="DESKTOP-2NF71MC" failures="0" tests="1" name="tc_Repository.LE_04" time="48.399" errors="0" timestamp="2024-08-29T15:43:23 IST" skipped="0">
  <testcase classname="tc_Repository.LE_04" name="le_04case" time="48.399"/>
  <system-out/>
</testsuite> <!-- tc_Repository.LE_04 -->
